<?xml version="1.0" encoding="UTF-8"?>
<testsuite xmlns:xsi="http://www.w3.org/2001/XMLSchema-instance" xsi:noNamespaceSchemaLocation="https://maven.apache.org/surefire/maven-surefire-plugin/xsd/surefire-test-report-3.0.xsd" version="3.0" name="com.hrms.runners.SmokeRunner" time="1.511" tests="16" errors="0" skipped="16" failures="0">
  <properties>
[...]
</properties>
  <testcase name="Add Employee with first and lastname" classname="Add new Employee" time="0">
    <skipped message="This scenario is skipped"/>
    <system-out><![CDATA[
@smoke
Scenario: Add Employee with first and lastname      # src/test/resources/features/AddEmployee.feature:7
  Given user is logged with valid admin credentials # com.hrms.steps.LoginSteps.user_is_logged_with_valid_admin_credentials()
  And user navigates to AddEmployeePage             # com.hrms.steps.AddEmployeeSteps.user_navigates_to_AddEmployeePage()
  When user enters employees "John" and "Smith"     # com.hrms.steps.AddEmployeeSteps.user_enters_employees_first_name_and_last_name(java.lang.String,java.lang.String)
  And user clicks save button                       # com.hrms.steps.AddEmployeeSteps.user_clicks_save_button()
  Then "John Smith" is added successfully           # com.hrms.steps.AddEmployeeSteps.employee_is_added_successfully(java.lang.String)
]]></system-out>
    <system-err><![CDATA[Jun 13, 2020 11:34:28 AM io.cucumber.junit.Cucumber <init>
WARNING: By default Cucumber is running in --non-strict mode.
This default will change to --strict and --non-strict will be removed.
You can use --strict or @CucumberOptions(strict = true) to suppress this warning
]]></system-err>
  </testcase>
  <testcase name="Add Employee without employee id" classname="Add new Employee" time="0">
    <skipped message="This scenario is skipped"/>
    <system-out><![CDATA[
@smoke
Scenario: Add Employee without employee id            # src/test/resources/features/AddEmployee.feature:13
  Given user is logged with valid admin credentials   # com.hrms.steps.LoginSteps.user_is_logged_with_valid_admin_credentials()
  And user navigates to AddEmployeePage               # com.hrms.steps.AddEmployeeSteps.user_navigates_to_AddEmployeePage()
  When user enters employees first name and last name # com.hrms.steps.AddEmployeeSteps.user_enters_employees_first_name_and_last_name()
  And user deletes employee id                        # com.hrms.steps.AddEmployeeSteps.user_deletes_employee_id()
  And user clicks save button                         # com.hrms.steps.AddEmployeeSteps.user_clicks_save_button()
  Then employee is added successfully                 # com.hrms.steps.AddEmployeeSteps.employee_is_added_successfully()
]]></system-out>
  </testcase>
  <testcase name="AddEmployee and create Login Credentials" classname="Add new Employee" time="0">
    <skipped message="This scenario is skipped"/>
    <system-out><![CDATA[
@smoke
Scenario: AddEmployee and create Login Credentials    # src/test/resources/features/AddEmployee.feature:20
  Given user is logged with valid admin credentials   # com.hrms.steps.LoginSteps.user_is_logged_with_valid_admin_credentials()
  And user navigates to AddEmployeePage               # com.hrms.steps.AddEmployeeSteps.user_navigates_to_AddEmployeePage()
  When user enters employees first name and last name # com.hrms.steps.AddEmployeeSteps.user_enters_employees_first_name_and_last_name()
  And user clicks on create login checkbox            # com.hrms.steps.AddEmployeeSteps.user_clicks_on_create_login_checkbox()
  And user enters login credentials                   # com.hrms.steps.AddEmployeeSteps.user_enters_login_credentials()
  And user clicks save button                         # com.hrms.steps.AddEmployeeSteps.user_clicks_save_button()
  Then employee is added successfully                 # com.hrms.steps.AddEmployeeSteps.employee_is_added_successfully()
]]></system-out>
  </testcase>
  <testcase name="Adding multiple employees" classname="Add new Employee" time="0">
    <skipped message="This scenario is skipped"/>
    <system-out><![CDATA[
@smoke
Scenario Outline: Adding multiple employees           # src/test/resources/features/AddEmployee.feature:35
  Given user is logged with valid admin credentials   # com.hrms.steps.LoginSteps.user_is_logged_with_valid_admin_credentials()
  And user navigates to AddEmployeePage               # com.hrms.steps.AddEmployeeSteps.user_navigates_to_AddEmployeePage()
  When user enter employees "James", "J" and "Smith"  # com.hrms.steps.AddEmployeeSteps.enteringEmployee(java.lang.String,java.lang.String,java.lang.String)
  And user clicks save button                         # com.hrms.steps.AddEmployeeSteps.user_clicks_save_button()
  Then "James", "J" and "Smith" is added successfully # com.hrms.steps.AddEmployeeSteps.and_is_added_successfully(java.lang.String,java.lang.String,java.lang.String)
]]></system-out>
  </testcase>
  <testcase name="Adding multiple employees" classname="Add new Employee" time="0">
    <skipped message="This scenario is skipped"/>
    <system-out><![CDATA[
@smoke
Scenario Outline: Adding multiple employees            # src/test/resources/features/AddEmployee.feature:36
  Given user is logged with valid admin credentials    # com.hrms.steps.LoginSteps.user_is_logged_with_valid_admin_credentials()
  And user navigates to AddEmployeePage                # com.hrms.steps.AddEmployeeSteps.user_navigates_to_AddEmployeePage()
  When user enter employees "Faisal", "F" and "Sakhi"  # com.hrms.steps.AddEmployeeSteps.enteringEmployee(java.lang.String,java.lang.String,java.lang.String)
  And user clicks save button                          # com.hrms.steps.AddEmployeeSteps.user_clicks_save_button()
  Then "Faisal", "F" and "Sakhi" is added successfully # com.hrms.steps.AddEmployeeSteps.and_is_added_successfully(java.lang.String,java.lang.String,java.lang.String)
]]></system-out>
  </testcase>
  <testcase name="Adding multiple employees" classname="Add new Employee" time="0">
    <skipped message="This scenario is skipped"/>
    <system-out><![CDATA[
@smoke
Scenario Outline: Adding multiple employees               # src/test/resources/features/AddEmployee.feature:37
  Given user is logged with valid admin credentials       # com.hrms.steps.LoginSteps.user_is_logged_with_valid_admin_credentials()
  And user navigates to AddEmployeePage                   # com.hrms.steps.AddEmployeeSteps.user_navigates_to_AddEmployeePage()
  When user enter employees "Sohil", "S" and "Instuctor"  # com.hrms.steps.AddEmployeeSteps.enteringEmployee(java.lang.String,java.lang.String,java.lang.String)
  And user clicks save button                             # com.hrms.steps.AddEmployeeSteps.user_clicks_save_button()
  Then "Sohil", "S" and "Instuctor" is added successfully # com.hrms.steps.AddEmployeeSteps.and_is_added_successfully(java.lang.String,java.lang.String,java.lang.String)
]]></system-out>
  </testcase>
  <testcase name="Adding multiple employees" classname="Add new Employee" time="0">
    <skipped message="This scenario is skipped"/>
    <system-out><![CDATA[
@smoke
Scenario Outline: Adding multiple employees              # src/test/resources/features/AddEmployee.feature:38
  Given user is logged with valid admin credentials      # com.hrms.steps.LoginSteps.user_is_logged_with_valid_admin_credentials()
  And user navigates to AddEmployeePage                  # com.hrms.steps.AddEmployeeSteps.user_navigates_to_AddEmployeePage()
  When user enter employees "Yunus", "Emre" and "Yakut"  # com.hrms.steps.AddEmployeeSteps.enteringEmployee(java.lang.String,java.lang.String,java.lang.String)
  And user clicks save button                            # com.hrms.steps.AddEmployeeSteps.user_clicks_save_button()
  Then "Yunus", "Emre" and "Yakut" is added successfully # com.hrms.steps.AddEmployeeSteps.and_is_added_successfully(java.lang.String,java.lang.String,java.lang.String)
]]></system-out>
  </testcase>
  <testcase name="Adding multiple employees" classname="Add new Employee" time="0">
    <skipped message="This scenario is skipped"/>
    <system-out><![CDATA[
@smoke
Scenario: Adding multiple employees                                          # src/test/resources/features/AddEmployee.feature:41
  Given user is logged with valid admin credentials                          # com.hrms.steps.LoginSteps.user_is_logged_with_valid_admin_credentials()
  And user navigates to AddEmployeePage                                      # com.hrms.steps.AddEmployeeSteps.user_navigates_to_AddEmployeePage()
  When user enters employee details and click on save then employee is added # com.hrms.steps.AddEmployeeSteps.user_enters_employee_details_and_click_on_save_then_employee_is_added(io.cucumber.datatable.DataTable)
]]></system-out>
  </testcase>
  <testcase name="Add multiple employee with excel file" classname="Add emp from excel" time="0">
    <skipped message="This scenario is skipped"/>
    <system-out><![CDATA[
@smoke
Scenario: Add multiple employee with excel file     # src/test/resources/features/AddempWithExcel.feature:3
  Given user is logged with valid admin credentials # com.hrms.steps.LoginSteps.user_is_logged_with_valid_admin_credentials()
  And user navigates to AddEmployeePage             # com.hrms.steps.AddEmployeeSteps.user_navigates_to_AddEmployeePage()
  Then I enter info from excel and save emp         # com.hrms.steps.AddEmpFromExcelSteps.i_enter_info_from_excel_and_save_emp()
]]></system-out>
  </testcase>
  <testcase name="Dashboard view for admid" classname="Dashboard" time="0">
    <skipped message="This scenario is skipped"/>
    <system-out><![CDATA[
@smoke
Scenario: Dashboard view for admid                  # src/test/resources/features/Dashboard.feature:4
  Given user is logged with valid admin credentials # com.hrms.steps.LoginSteps.user_is_logged_with_valid_admin_credentials()
  Then user see dashboard menu is displayed         # com.hrms.steps.DashboardSteps.user_see_dashboard_menu_is_displayed(io.cucumber.datatable.DataTable)
]]></system-out>
  </testcase>
  <testcase name="valid admin login" classname="Login" time="0">
    <skipped message="This scenario is skipped"/>
    <system-out><![CDATA[
@Login @Sprint1 @smoke
Scenario: valid admin login                         # src/test/resources/features/Login.feature:5
  When user enter valid admin username and password # com.hrms.steps.LoginSteps.user_enter_valid_admin_username_and_password()
  And user click on login button                    # com.hrms.steps.LoginSteps.user_click_on_login_button()
  Then admin user is successfully logged in         # com.hrms.steps.LoginSteps.admin_user_is_successfully_logged_in()
]]></system-out>
  </testcase>
  <testcase name="valid ess login" classname="Login" time="0">
    <skipped message="This scenario is skipped"/>
    <system-out><![CDATA[
@Login @Sprint1 @smoke
Scenario: valid ess login                         # src/test/resources/features/Login.feature:11
  When user enter valid ess username and password # com.hrms.steps.LoginSteps.user_enter_valid_ess_username_and_password()
  And user click on login button                  # com.hrms.steps.LoginSteps.user_click_on_login_button()
  Then ess user is successfully logged in         # com.hrms.steps.LoginSteps.ess_user_is_successfully_logged_in()
]]></system-out>
  </testcase>
  <testcase name="Login with valid username and invalid password" classname="Login" time="0">
    <skipped message="This scenario is skipped"/>
    <system-out><![CDATA[
@Login @Sprint1 @smoke
Scenario: Login with valid username and invalid password # src/test/resources/features/Login.feature:27
  When User enter valid username and invalid password    # com.hrms.steps.LoginSteps.user_enter_valid_username_and_invalid_password()
  And user click on login button                         # com.hrms.steps.LoginSteps.user_click_on_login_button()
  Then User see Invalid Credentials text on login page   # com.hrms.steps.LoginSteps.user_see_Invalid_Credentials_text_on_login_page()
]]></system-out>
  </testcase>
  <testcase name="Login with invalid credentials" classname="Login" time="0">
    <skipped message="This scenario is skipped"/>
    <system-out><![CDATA[
@Login @Sprint1 @smoke
Scenario: Login with invalid credentials                           # src/test/resources/features/Login.feature:33
  When I enter invalid username and password and see error message # com.hrms.steps.LoginSteps.i_enter_invalid_username_and_password_and_see_error_message(io.cucumber.datatable.DataTable)
]]></system-out>
  </testcase>
  <testcase name="Search employee by id" classname="Employee Search" time="0">
    <skipped message="This scenario is skipped"/>
    <system-out><![CDATA[
@smoke
Scenario: Search employee by id                     # src/test/resources/features/SearchEmployee.feature:7
  Given user is logged with valid admin credentials # com.hrms.steps.LoginSteps.user_is_logged_with_valid_admin_credentials()
  And user navigate to employee list page           # com.hrms.steps.EmployeeSearchSteps.user_navigate_to_employee_list_page()
  When user enters valid employee id                # com.hrms.steps.EmployeeSearchSteps.user_enters_valid_employee_id()
  And click on search button                        # com.hrms.steps.EmployeeSearchSteps.click_on_search_button()
  Then user see employee information is displayed   # com.hrms.steps.EmployeeSearchSteps.user_see_employee_information_is_displayed()
]]></system-out>
  </testcase>
  <testcase name="Search employee by name" classname="Employee Search" time="0">
    <skipped message="This scenario is skipped"/>
    <system-out><![CDATA[
@smoke
Scenario: Search employee by name                    # src/test/resources/features/SearchEmployee.feature:13
  Given user is logged with valid admin credentials  # com.hrms.steps.LoginSteps.user_is_logged_with_valid_admin_credentials()
  And user navigate to employee list page            # com.hrms.steps.EmployeeSearchSteps.user_navigate_to_employee_list_page()
  When user enters valid employee name and last name # com.hrms.steps.EmployeeSearchSteps.user_enters_valid_employee_name_and_last_name()
  And click on search button                         # com.hrms.steps.EmployeeSearchSteps.click_on_search_button()
  Then user see employee information is displayed    # com.hrms.steps.EmployeeSearchSteps.user_see_employee_information_is_displayed()
]]></system-out>
  </testcase>
</testsuite>